<?xml version="1.0" encoding="UTF-8"?>
<testsuite xmlns:xsi="http://www.w3.org/2001/XMLSchema-instance" xsi:noNamespaceSchemaLocation="https://maven.apache.org/surefire/maven-surefire-plugin/xsd/surefire-test-report-3.0.xsd" version="3.0" name="SolActividad2Test" time="0.098" tests="30" errors="0" skipped="0" failures="3">
  <properties>
    <property name="java.specification.version" value="19"/>
    <property name="sun.cpu.isalist" value="amd64"/>
    <property name="sun.jnu.encoding" value="Cp1252"/>
    <property name="java.class.path" value="H:\UNI 2024 - 25\1º Cuatrimestre\AEDII (Algoritmos y Estructura de Datos II)\Práctica\RepasoExamen\Actividad2\target\test-classes;H:\UNI 2024 - 25\1º Cuatrimestre\AEDII (Algoritmos y Estructura de Datos II)\Práctica\RepasoExamen\Actividad2\target\classes;C:\Users\ismae\.m2\repository\junit\junit\4.13.2\junit-4.13.2.jar;C:\Users\ismae\.m2\repository\org\hamcrest\hamcrest-core\1.3\hamcrest-core-1.3.jar;"/>
    <property name="java.vm.vendor" value="Oracle Corporation"/>
    <property name="sun.arch.data.model" value="64"/>
    <property name="user.variant" value=""/>
    <property name="java.vendor.url" value="https://java.oracle.com/"/>
    <property name="user.timezone" value="Europe/Madrid"/>
    <property name="os.name" value="Windows 10"/>
    <property name="java.vm.specification.version" value="19"/>
    <property name="user.country" value="ES"/>
    <property name="sun.java.launcher" value="SUN_STANDARD"/>
    <property name="sun.boot.library.path" value="C:\Program Files\Java\jdk-19\bin"/>
    <property name="sun.java.command" value="C:\Users\ismae\AppData\Local\Temp\surefire9294263799428778498\surefirebooter-20241026185136325_3.jar C:\Users\ismae\AppData\Local\Temp\surefire9294263799428778498 2024-10-26T18-51-36_180-jvmRun1 surefire-20241026185136325_1tmp surefire_0-20241026185136325_2tmp"/>
    <property name="jdk.debug" value="release"/>
    <property name="test" value="SolActividad2Test"/>
    <property name="surefire.test.class.path" value="H:\UNI 2024 - 25\1º Cuatrimestre\AEDII (Algoritmos y Estructura de Datos II)\Práctica\RepasoExamen\Actividad2\target\test-classes;H:\UNI 2024 - 25\1º Cuatrimestre\AEDII (Algoritmos y Estructura de Datos II)\Práctica\RepasoExamen\Actividad2\target\classes;C:\Users\ismae\.m2\repository\junit\junit\4.13.2\junit-4.13.2.jar;C:\Users\ismae\.m2\repository\org\hamcrest\hamcrest-core\1.3\hamcrest-core-1.3.jar;"/>
    <property name="sun.cpu.endian" value="little"/>
    <property name="user.home" value="C:\Users\ismae"/>
    <property name="user.language" value="es"/>
    <property name="java.specification.vendor" value="Oracle Corporation"/>
    <property name="java.version.date" value="2022-10-18"/>
    <property name="java.home" value="C:\Program Files\Java\jdk-19"/>
    <property name="file.separator" value="\"/>
    <property name="basedir" value="H:\UNI 2024 - 25\1º Cuatrimestre\AEDII (Algoritmos y Estructura de Datos II)\Práctica\RepasoExamen\Actividad2"/>
    <property name="java.vm.compressedOopsMode" value="Zero based"/>
    <property name="line.separator" value="&#10;"/>
    <property name="java.vm.specification.vendor" value="Oracle Corporation"/>
    <property name="java.specification.name" value="Java Platform API Specification"/>
    <property name="surefire.real.class.path" value="C:\Users\ismae\AppData\Local\Temp\surefire9294263799428778498\surefirebooter-20241026185136325_3.jar"/>
    <property name="user.script" value=""/>
    <property name="sun.management.compiler" value="HotSpot 64-Bit Tiered Compilers"/>
    <property name="java.runtime.version" value="19.0.1+10-21"/>
    <property name="user.name" value="Ismael"/>
    <property name="stdout.encoding" value="Cp1252"/>
    <property name="path.separator" value=";"/>
    <property name="os.version" value="10.0"/>
    <property name="java.runtime.name" value="Java(TM) SE Runtime Environment"/>
    <property name="file.encoding" value="UTF-8"/>
    <property name="java.vm.name" value="Java HotSpot(TM) 64-Bit Server VM"/>
    <property name="maven.ext.class.path" value="G:\NetBeans-20\netbeans\java\maven-nblib\netbeans-eventspy.jar"/>
    <property name="localRepository" value="C:\Users\ismae\.m2\repository"/>
    <property name="java.vendor.url.bug" value="https://bugreport.java.com/bugreport/"/>
    <property name="java.io.tmpdir" value="C:\Users\ismae\AppData\Local\Temp\"/>
    <property name="java.version" value="19.0.1"/>
    <property name="user.dir" value="H:\UNI 2024 - 25\1º Cuatrimestre\AEDII (Algoritmos y Estructura de Datos II)\Práctica\RepasoExamen\Actividad2"/>
    <property name="os.arch" value="amd64"/>
    <property name="java.vm.specification.name" value="Java Virtual Machine Specification"/>
    <property name="sun.os.patch.level" value=""/>
    <property name="native.encoding" value="Cp1252"/>
    <property name="java.library.path" value="C:\Program Files\Java\jdk-19\bin;C:\WINDOWS\Sun\Java\bin;C:\WINDOWS\system32;C:\WINDOWS;C:\Program Files\Common Files\Oracle\Java\javapath;C:\Program Files (x86)\Common Files\Oracle\Java\javapath;C:\Program Files (x86)\Intel\iCLS Client\;C:\Program Files\Intel\iCLS Client\;C:\windows\system32;C:\windows;C:\windows\System32\Wbem;C:\windows\System32\WindowsPowerShell\v1.0\;C:\Program Files (x86)\Intel\Intel(R) Management Engine Components\DAL;C:\Program Files\Intel\Intel(R) Management Engine Components\DAL;C:\Program Files (x86)\Intel\Intel(R) Management Engine Components\IPT;C:\Program Files\Intel\Intel(R) Management Engine Components\IPT;C:\WINDOWS\system32;C:\WINDOWS;C:\WINDOWS\System32\Wbem;C:\WINDOWS\System32\WindowsPowerShell\v1.0\;C:\WINDOWS\System32\OpenSSH\;C:\WINDOWS\system32;C:\WINDOWS;C:\WINDOWS\System32\Wbem;C:\WINDOWS\System32\WindowsPowerShell\v1.0\;C:\WINDOWS\System32\OpenSSH\;D:\AutoFirma\AutoFirma;H:\AutoFirma\AutoFirma;C:\Program Files\NVIDIA Corporation\NVIDIA NvDLISR;C:\Users\ismae\AppData\Local\Microsoft\WindowsApps;C:\Users\ismae\AppData\Local\Programs\Microsoft VS Code\bin;C:\Users\ismae\AppData\Local\GitHubDesktop\bin;C:\ProgramData\Ismael\GitHubDesktop\bin;C:\Users\ismae\.bun\bin;."/>
    <property name="java.vm.info" value="mixed mode, sharing"/>
    <property name="stderr.encoding" value="Cp1252"/>
    <property name="java.vendor" value="Oracle Corporation"/>
    <property name="java.vm.version" value="19.0.1+10-21"/>
    <property name="sun.io.unicode.encoding" value="UnicodeLittle"/>
    <property name="java.class.version" value="63.0"/>
  </properties>
  <testcase name="testSobreCopiaHastaNivel" classname="SolActividad2Test" time="0.013">
    <system-out><![CDATA[Test 'copiaHastaNivel' con árbol 'raiz' y nivel 4
]]></system-out>
  </testcase>
  <testcase name="testVacioIdenticos" classname="SolActividad2Test" time="0.001">
    <system-out><![CDATA[Test 'identicos' con árboles vacios
]]></system-out>
  </testcase>
  <testcase name="testVacioEliminarHojas" classname="SolActividad2Test" time="0.001">
    <system-out><![CDATA[Test 'eliminarHojas' con árbol 'hoja1'
]]></system-out>
  </testcase>
  <testcase name="testNoContarNivel" classname="SolActividad2Test" time="0.001">
    <system-out><![CDATA[Test 'contarNivel' con árbol 'hoja1'
]]></system-out>
  </testcase>
  <testcase name="testVacioContarNivel" classname="SolActividad2Test" time="0.002">
    <system-out><![CDATA[Test 'contarNivel' con árbol vacío
]]></system-out>
  </testcase>
  <testcase name="testDistanciaVacioFalse" classname="SolActividad2Test" time="0.002">
    <system-out><![CDATA[Test 'distanciaK' con árbol vacío, elemento 2 y distancia 0
]]></system-out>
  </testcase>
  <testcase name="testVacioCopiaHastaNivel" classname="SolActividad2Test" time="0.001">
    <system-out><![CDATA[Test 'copiaHastaNivel' con árbol vacío y nivel 0
]]></system-out>
  </testcase>
  <testcase name="testExisteSuma" classname="SolActividad2Test" time="0.008">
    <system-out><![CDATA[Test 'existeSuma' con árbol raizSinHojas
]]></system-out>
  </testcase>
  <testcase name="testContarNivel" classname="SolActividad2Test" time="0.001">
    <system-out><![CDATA[Test 'contarNivel' con árbol 'raiz'
]]></system-out>
  </testcase>
  <testcase name="testNoCompleto" classname="SolActividad2Test" time="0.001">
    <system-out><![CDATA[Test 'completo' con arbol 'degen'
]]></system-out>
  </testcase>
  <testcase name="testAlturaHoja" classname="SolActividad2Test" time="0.001">
    <system-out><![CDATA[Test 'altura' con árbol 'hoja1'
]]></system-out>
  </testcase>
  <testcase name="testCompleto" classname="SolActividad2Test" time="0.001">
    <system-out><![CDATA[Test 'completo' con arbol 'raiz'
]]></system-out>
  </testcase>
  <testcase name="testVacioEsArbolSeleccion" classname="SolActividad2Test" time="0.001">
    <system-out><![CDATA[Test 'esArbolSelección' con árbol vacío
]]></system-out>
  </testcase>
  <testcase name="testHojaCompleto" classname="SolActividad2Test" time="0.001">
    <system-out><![CDATA[Test 'completo' con arbol 'hoja3'
]]></system-out>
  </testcase>
  <testcase name="testEliminarHojas" classname="SolActividad2Test" time="0.001">
    <system-out><![CDATA[Test 'eliminarHojas' con árbol 'raiz'
]]></system-out>
  </testcase>
  <testcase name="testExisteSumaFalse" classname="SolActividad2Test" time="0.001">
    <failure message="expected:&lt;false&gt; but was:&lt;true&gt;" type="java.lang.AssertionError"><![CDATA[java.lang.AssertionError: expected:<false> but was:<true>
	at org.junit.Assert.fail(Assert.java:89)
	at org.junit.Assert.failNotEquals(Assert.java:835)
	at org.junit.Assert.assertEquals(Assert.java:120)
	at org.junit.Assert.assertEquals(Assert.java:146)
	at SolActividad2Test.testExisteSumaFalse(SolActividad2Test.java:263)
	at java.base/jdk.internal.reflect.DirectMethodHandleAccessor.invoke(DirectMethodHandleAccessor.java:104)
	at java.base/java.lang.reflect.Method.invoke(Method.java:578)
	at org.junit.runners.model.FrameworkMethod$1.runReflectiveCall(FrameworkMethod.java:59)
	at org.junit.internal.runners.model.ReflectiveCallable.run(ReflectiveCallable.java:12)
	at org.junit.runners.model.FrameworkMethod.invokeExplosively(FrameworkMethod.java:56)
	at org.junit.internal.runners.statements.InvokeMethod.evaluate(InvokeMethod.java:17)
	at org.junit.runners.ParentRunner$3.evaluate(ParentRunner.java:306)
	at org.junit.runners.BlockJUnit4ClassRunner$1.evaluate(BlockJUnit4ClassRunner.java:100)
	at org.junit.runners.ParentRunner.runLeaf(ParentRunner.java:366)
	at org.junit.runners.BlockJUnit4ClassRunner.runChild(BlockJUnit4ClassRunner.java:103)
	at org.junit.runners.BlockJUnit4ClassRunner.runChild(BlockJUnit4ClassRunner.java:63)
	at org.junit.runners.ParentRunner$4.run(ParentRunner.java:331)
	at org.junit.runners.ParentRunner$1.schedule(ParentRunner.java:79)
	at org.junit.runners.ParentRunner.runChildren(ParentRunner.java:329)
	at org.junit.runners.ParentRunner.access$100(ParentRunner.java:66)
	at org.junit.runners.ParentRunner$2.evaluate(ParentRunner.java:293)
	at org.junit.runners.ParentRunner$3.evaluate(ParentRunner.java:306)
	at org.junit.runners.ParentRunner.run(ParentRunner.java:413)
	at org.apache.maven.surefire.junit4.JUnit4Provider.execute(JUnit4Provider.java:316)
	at org.apache.maven.surefire.junit4.JUnit4Provider.executeWithRerun(JUnit4Provider.java:240)
	at org.apache.maven.surefire.junit4.JUnit4Provider.executeTestSet(JUnit4Provider.java:214)
	at org.apache.maven.surefire.junit4.JUnit4Provider.invoke(JUnit4Provider.java:155)
	at org.apache.maven.surefire.booter.ForkedBooter.runSuitesInProcess(ForkedBooter.java:385)
	at org.apache.maven.surefire.booter.ForkedBooter.execute(ForkedBooter.java:162)
	at org.apache.maven.surefire.booter.ForkedBooter.run(ForkedBooter.java:507)
	at org.apache.maven.surefire.booter.ForkedBooter.main(ForkedBooter.java:495)
]]></failure>
    <system-out><![CDATA[Test 'existeSuma' con árbol raizSinHojas
]]></system-out>
  </testcase>
  <testcase name="testIdenticos" classname="SolActividad2Test" time="0.001">
    <system-out><![CDATA[Test 'identicos' con el mismo árbol
]]></system-out>
  </testcase>
  <testcase name="testAlturaVacio" classname="SolActividad2Test" time="0.001">
    <system-out><![CDATA[Test 'altura' con árbol vacío
]]></system-out>
  </testcase>
  <testcase name="testCopiaHastaNivel1" classname="SolActividad2Test" time="0.001">
    <system-out><![CDATA[Test 'copiaHastaNivel' con árbol 'raiz' y nivel 1
]]></system-out>
  </testcase>
  <testcase name="testCopiaHastaNivel2" classname="SolActividad2Test" time="0.001">
    <system-out><![CDATA[Test 'copiaHastaNivel' con árbol 'raiz' y nivel 2
]]></system-out>
  </testcase>
  <testcase name="testNoIdenticos" classname="SolActividad2Test" time="0.001">
    <system-out><![CDATA[Test 'identicos' con árboles 'raiz' y 'selec'
]]></system-out>
  </testcase>
  <testcase name="testHojaEsArbolSeleccion" classname="SolActividad2Test" time="0.001">
    <system-out><![CDATA[Test 'esArbolSelección' con árbol 'hoja1'
]]></system-out>
  </testcase>
  <testcase name="testVacioCompleto" classname="SolActividad2Test" time="0.001">
    <system-out><![CDATA[Test 'completo' con arbol vacío
]]></system-out>
  </testcase>
  <testcase name="testExisteSuma2" classname="SolActividad2Test" time="0.001">
    <failure message="expected:&lt;true&gt; but was:&lt;false&gt;" type="java.lang.AssertionError"><![CDATA[java.lang.AssertionError: expected:<true> but was:<false>
	at org.junit.Assert.fail(Assert.java:89)
	at org.junit.Assert.failNotEquals(Assert.java:835)
	at org.junit.Assert.assertEquals(Assert.java:120)
	at org.junit.Assert.assertEquals(Assert.java:146)
	at SolActividad2Test.testExisteSuma2(SolActividad2Test.java:272)
	at java.base/jdk.internal.reflect.DirectMethodHandleAccessor.invoke(DirectMethodHandleAccessor.java:104)
	at java.base/java.lang.reflect.Method.invoke(Method.java:578)
	at org.junit.runners.model.FrameworkMethod$1.runReflectiveCall(FrameworkMethod.java:59)
	at org.junit.internal.runners.model.ReflectiveCallable.run(ReflectiveCallable.java:12)
	at org.junit.runners.model.FrameworkMethod.invokeExplosively(FrameworkMethod.java:56)
	at org.junit.internal.runners.statements.InvokeMethod.evaluate(InvokeMethod.java:17)
	at org.junit.runners.ParentRunner$3.evaluate(ParentRunner.java:306)
	at org.junit.runners.BlockJUnit4ClassRunner$1.evaluate(BlockJUnit4ClassRunner.java:100)
	at org.junit.runners.ParentRunner.runLeaf(ParentRunner.java:366)
	at org.junit.runners.BlockJUnit4ClassRunner.runChild(BlockJUnit4ClassRunner.java:103)
	at org.junit.runners.BlockJUnit4ClassRunner.runChild(BlockJUnit4ClassRunner.java:63)
	at org.junit.runners.ParentRunner$4.run(ParentRunner.java:331)
	at org.junit.runners.ParentRunner$1.schedule(ParentRunner.java:79)
	at org.junit.runners.ParentRunner.runChildren(ParentRunner.java:329)
	at org.junit.runners.ParentRunner.access$100(ParentRunner.java:66)
	at org.junit.runners.ParentRunner$2.evaluate(ParentRunner.java:293)
	at org.junit.runners.ParentRunner$3.evaluate(ParentRunner.java:306)
	at org.junit.runners.ParentRunner.run(ParentRunner.java:413)
	at org.apache.maven.surefire.junit4.JUnit4Provider.execute(JUnit4Provider.java:316)
	at org.apache.maven.surefire.junit4.JUnit4Provider.executeWithRerun(JUnit4Provider.java:240)
	at org.apache.maven.surefire.junit4.JUnit4Provider.executeTestSet(JUnit4Provider.java:214)
	at org.apache.maven.surefire.junit4.JUnit4Provider.invoke(JUnit4Provider.java:155)
	at org.apache.maven.surefire.booter.ForkedBooter.runSuitesInProcess(ForkedBooter.java:385)
	at org.apache.maven.surefire.booter.ForkedBooter.execute(ForkedBooter.java:162)
	at org.apache.maven.surefire.booter.ForkedBooter.run(ForkedBooter.java:507)
	at org.apache.maven.surefire.booter.ForkedBooter.main(ForkedBooter.java:495)
]]></failure>
    <system-out><![CDATA[Test 'existeSuma' con árbol selec
]]></system-out>
  </testcase>
  <testcase name="testAltura" classname="SolActividad2Test" time="0.001">
    <system-out><![CDATA[Test 'altura' con árbol 'raiz'
]]></system-out>
  </testcase>
  <testcase name="testEsArbolSeleccion" classname="SolActividad2Test" time="0.001">
    <system-out><![CDATA[Test 'esArbolSelección' con árbol 'selec'
]]></system-out>
  </testcase>
  <testcase name="testDistanciaTrue" classname="SolActividad2Test" time="0.001">
    <failure type="java.lang.AssertionError"><![CDATA[java.lang.AssertionError
	at org.junit.Assert.fail(Assert.java:87)
	at org.junit.Assert.assertTrue(Assert.java:42)
	at org.junit.Assert.assertTrue(Assert.java:53)
	at SolActividad2Test.testDistanciaTrue(SolActividad2Test.java:330)
	at java.base/jdk.internal.reflect.DirectMethodHandleAccessor.invoke(DirectMethodHandleAccessor.java:104)
	at java.base/java.lang.reflect.Method.invoke(Method.java:578)
	at org.junit.runners.model.FrameworkMethod$1.runReflectiveCall(FrameworkMethod.java:59)
	at org.junit.internal.runners.model.ReflectiveCallable.run(ReflectiveCallable.java:12)
	at org.junit.runners.model.FrameworkMethod.invokeExplosively(FrameworkMethod.java:56)
	at org.junit.internal.runners.statements.InvokeMethod.evaluate(InvokeMethod.java:17)
	at org.junit.runners.ParentRunner$3.evaluate(ParentRunner.java:306)
	at org.junit.runners.BlockJUnit4ClassRunner$1.evaluate(BlockJUnit4ClassRunner.java:100)
	at org.junit.runners.ParentRunner.runLeaf(ParentRunner.java:366)
	at org.junit.runners.BlockJUnit4ClassRunner.runChild(BlockJUnit4ClassRunner.java:103)
	at org.junit.runners.BlockJUnit4ClassRunner.runChild(BlockJUnit4ClassRunner.java:63)
	at org.junit.runners.ParentRunner$4.run(ParentRunner.java:331)
	at org.junit.runners.ParentRunner$1.schedule(ParentRunner.java:79)
	at org.junit.runners.ParentRunner.runChildren(ParentRunner.java:329)
	at org.junit.runners.ParentRunner.access$100(ParentRunner.java:66)
	at org.junit.runners.ParentRunner$2.evaluate(ParentRunner.java:293)
	at org.junit.runners.ParentRunner$3.evaluate(ParentRunner.java:306)
	at org.junit.runners.ParentRunner.run(ParentRunner.java:413)
	at org.apache.maven.surefire.junit4.JUnit4Provider.execute(JUnit4Provider.java:316)
	at org.apache.maven.surefire.junit4.JUnit4Provider.executeWithRerun(JUnit4Provider.java:240)
	at org.apache.maven.surefire.junit4.JUnit4Provider.executeTestSet(JUnit4Provider.java:214)
	at org.apache.maven.surefire.junit4.JUnit4Provider.invoke(JUnit4Provider.java:155)
	at org.apache.maven.surefire.booter.ForkedBooter.runSuitesInProcess(ForkedBooter.java:385)
	at org.apache.maven.surefire.booter.ForkedBooter.execute(ForkedBooter.java:162)
	at org.apache.maven.surefire.booter.ForkedBooter.run(ForkedBooter.java:507)
	at org.apache.maven.surefire.booter.ForkedBooter.main(ForkedBooter.java:495)
]]></failure>
    <system-out><![CDATA[Test 'distanciaK' con árbol 'raiz', elemento 5 y distancia 2
]]></system-out>
  </testcase>
  <testcase name="testHojaIdenticos" classname="SolActividad2Test" time="0.001">
    <system-out><![CDATA[Test 'identicos' con árboles 'hoja1' y 'hoja11'
]]></system-out>
  </testcase>
  <testcase name="testNoEsArbolSeleccion" classname="SolActividad2Test" time="0.001">
    <system-out><![CDATA[Test 'esArbolSelección' con árbol 'raiz'
]]></system-out>
  </testcase>
  <testcase name="testDistanciaFalse" classname="SolActividad2Test" time="0.001">
    <system-out><![CDATA[Test 'distanciaK' con árbol 'raiz', elemento 5 y distancia 1
]]></system-out>
  </testcase>
</testsuite>