<?xml version="1.0" encoding="UTF-8"?>
<testsuite xmlns:xsi="http://www.w3.org/2001/XMLSchema-instance" xsi:noNamespaceSchemaLocation="https://maven.apache.org/surefire/maven-surefire-plugin/xsd/surefire-test-report-3.0.xsd" version="3.0" name="SolActividad3Test" time="0.068" tests="10" errors="0" skipped="0" failures="0">
  <properties>
[...]
</properties>
  <testcase name="testVacioEsCamino" classname="SolActividad3Test" time="0.015">
    <system-out><![CDATA[Test 'esCamino' con árbol vacío y camino vacio
]]></system-out>
  </testcase>
  <testcase name="testGetPadre" classname="SolActividad3Test" time="0.001">
    <system-out><![CDATA[Test 'getPadre' con arbolCamino y elemento 4
]]></system-out>
  </testcase>
  <testcase name="testConstruir2" classname="SolActividad3Test" time="0.001">
    <system-out><![CDATA[Test 'construir' a partir de recorridos '7635218' y '3657128'
]]></system-out>
  </testcase>
  <testcase name="testEsCamino2" classname="SolActividad3Test" time="0.001">
    <system-out><![CDATA[Test 'esCamino' con árbol 'arbolCamino' y camino '721'
]]></system-out>
  </testcase>
  <testcase name="testGetPadreHoja" classname="SolActividad3Test" time="0.001">
    <system-out><![CDATA[Test 'getPadre' con arbolCamino y elemento 1
]]></system-out>
  </testcase>
  <testcase name="testGetPadreNodo" classname="SolActividad3Test" time="0.0">
    <system-out><![CDATA[Test 'getPadre' con arbolCamino y elemento 2
]]></system-out>
  </testcase>
  <testcase name="testGetPadreRaiz" classname="SolActividad3Test" time="0.001">
    <system-out><![CDATA[Test 'getPadre' con arbolCamino y elemento 7
]]></system-out>
  </testcase>
  <testcase name="testConstruir" classname="SolActividad3Test" time="0.001">
    <system-out><![CDATA[Test 'construir' a partir de recorridos '3' y '3'
]]></system-out>
  </testcase>
  <testcase name="testNoEsCamino" classname="SolActividad3Test" time="0.001">
    <system-out><![CDATA[Test 'esCamino' con árbol 'arbolCamino' y camino '5'
]]></system-out>
  </testcase>
  <testcase name="testEsCamino" classname="SolActividad3Test" time="0.001">
    <system-out><![CDATA[Test 'esCamino' con árbol 'arbolCamino' y camino '763'
]]></system-out>
  </testcase>
</testsuite>