<?xml version="1.0" encoding="UTF-8"?>
<testsuite xmlns:xsi="http://www.w3.org/2001/XMLSchema-instance" xsi:noNamespaceSchemaLocation="https://maven.apache.org/surefire/maven-surefire-plugin/xsd/surefire-test-report-3.0.xsd" version="3.0" name="HeapBinarioTest" time="0.066" tests="11" errors="0" skipped="0" failures="0">
  <properties>
[...]
</properties>
  <testcase name="testArreglarHeap" classname="HeapBinarioTest" time="0.009">
    <system-out><![CDATA[Test 'arreglarHeap' sobre heapPrueba
]]></system-out>
  </testcase>
  <testcase name="testSuprimirVacio" classname="HeapBinarioTest" time="0.001">
    <system-out><![CDATA[Test 'suprimirMax' sobre heap vacio
]]></system-out>
  </testcase>
  <testcase name="testEsVacioTrue" classname="HeapBinarioTest" time="0.001">
    <system-out><![CDATA[Test 'esVacio' sobre un heap vacÃ­o
]]></system-out>
  </testcase>
  <testcase name="testInsertarVacio" classname="HeapBinarioTest" time="0.001">
    <system-out><![CDATA[Test 'insertar' sobre heap vacÃ­o
]]></system-out>
  </testcase>
  <testcase name="testIntroducirVacio" classname="HeapBinarioTest" time="0.001">
    <system-out><![CDATA[Test 'introducir' sobre heap vacÃ­o
]]></system-out>
  </testcase>
  <testcase name="testSuprimir" classname="HeapBinarioTest" time="0.001">
    <system-out><![CDATA[Test 'suprimirMax' sobre heapPrueba
]]></system-out>
  </testcase>
  <testcase name="testRecuperarVacio" classname="HeapBinarioTest" time="0.001">
    <system-out><![CDATA[Test 'recuperarMax' sobre heap vacÃ­o
]]></system-out>
  </testcase>
  <testcase name="testEsVacioFalse" classname="HeapBinarioTest" time="0.001">
    <system-out><![CDATA[Test 'esVacio' sobre heapPrueba
]]></system-out>
  </testcase>
  <testcase name="testIntroducir" classname="HeapBinarioTest" time="0.001">
    <system-out><![CDATA[Test 'introducir' sobre heapPrueba
]]></system-out>
  </testcase>
  <testcase name="testInsertar" classname="HeapBinarioTest" time="0.001">
    <system-out><![CDATA[Test 'insertar' sobre heapPrueba
]]></system-out>
  </testcase>
  <testcase name="testRecuperar" classname="HeapBinarioTest" time="0.001">
    <system-out><![CDATA[Test 'recuperarMax' sobre heapPrueba
]]></system-out>
  </testcase>
</testsuite>