<?xml version="1.0" encoding="UTF-8"?>
<testsuite xmlns:xsi="http://www.w3.org/2001/XMLSchema-instance" xsi:noNamespaceSchemaLocation="https://maven.apache.org/surefire/maven-surefire-plugin/xsd/surefire-test-report-3.0.xsd" version="3.0" name="es.uvigo.esei.ejercicios.EjerciciosTest" time="0.057" tests="8" errors="0" skipped="0" failures="0">
  <properties>
[...]
</properties>
  <testcase name="testInvertArray" classname="es.uvigo.esei.ejercicios.EjerciciosTest" time="0.008">
    <system-out><![CDATA[Reverse the elements of {2, 4, 6, 8}
]]></system-out>
  </testcase>
  <testcase name="testMcd" classname="es.uvigo.esei.ejercicios.EjerciciosTest" time="0.001">
    <system-out><![CDATA[Compute Greatest Common Factor of 22 and 12
]]></system-out>
  </testcase>
  <testcase name="testSumArray" classname="es.uvigo.esei.ejercicios.EjerciciosTest" time="0.002">
    <system-out><![CDATA[Sum the elements of {2, 4, 6, 8}
]]></system-out>
  </testcase>
  <testcase name="testFactorial" classname="es.uvigo.esei.ejercicios.EjerciciosTest" time="0.001">
    <system-out><![CDATA[Compute the factorial of 4
]]></system-out>
  </testcase>
  <testcase name="testMinimum" classname="es.uvigo.esei.ejercicios.EjerciciosTest" time="0.002">
    <system-out><![CDATA[Identifies the lowest value for {4, 3, 6, 2, 8}
]]></system-out>
  </testcase>
  <testcase name="testSumDigits" classname="es.uvigo.esei.ejercicios.EjerciciosTest" time="0.001">
    <system-out><![CDATA[Summate the digits of 1111
]]></system-out>
  </testcase>
  <testcase name="testInvert" classname="es.uvigo.esei.ejercicios.EjerciciosTest" time="0.001">
    <system-out><![CDATA[Reverse the word 'ejemplo'
]]></system-out>
  </testcase>
  <testcase name="testSquare" classname="es.uvigo.esei.ejercicios.EjerciciosTest" time="0.001">
    <system-out><![CDATA[Compute the square number of 5
]]></system-out>
  </testcase>
</testsuite>